#
# A fatal error has been detected by the Java Runtime Environment:
#
#  Internal Error (c1_ValueStack.hpp:177), pid=4618, tid=0x00007fea37630700
#  Error: ShouldNotReachHere()
#
# JRE version: OpenJDK Runtime Environment (8.0_152-b01) (build 1.8.0_152-release-1024-b01)
# Java VM: OpenJDK 64-Bit Server VM (25.152-b01 mixed mode linux-amd64 compressed oops)
# Failed to write core dump. Core dumps have been disabled. To enable core dumping, try "ulimit -c unlimited" before starting Java again
#
# If you would like to submit a bug report, please visit:
#   http://bugreport.java.com/bugreport/crash.jsp
#

---------------  T H R E A D  ---------------

Current thread (0x00007fea500c2000):  JavaThread "C1 CompilerThread2" daemon [_thread_in_native, id=4638, stack(0x00007fea37531000,0x00007fea37631000)]

Stack: [0x00007fea37531000,0x00007fea37631000],  sp=0x00007fea3762ef50,  free space=1015k
Native frames: (J=compiled Java code, j=interpreted, Vv=VM code, C=native code)
V  [libjvm.so+0x9ed02d]  VMError::report_and_die()+0x15d
V  [libjvm.so+0x4b9aff]  report_should_not_reach_here(char const*, int)+0x4f
V  [libjvm.so+0x34d9d9]  ValueStack::push(ValueType*, Instruction*)+0x109
V  [libjvm.so+0x347281]  GraphBuilder::iterate_bytecodes_for_block(int)+0xd01
V  [libjvm.so+0x3485f4]  GraphBuilder::iterate_all_blocks(bool)+0x84
V  [libjvm.so+0x3489fd]  GraphBuilder::GraphBuilder(Compilation*, IRScope*)+0x3ad
V  [libjvm.so+0x34e841]  IRScope::IRScope(Compilation*, IRScope*, int, ciMethod*, int, bool)+0x171
V  [libjvm.so+0x34f53d]  IR::IR(Compilation*, ciMethod*, int)+0xad
V  [libjvm.so+0x330c40]  Compilation::build_hir()+0xf0
V  [libjvm.so+0x3322aa]  Compilation::compile_java_method()+0xfa
V  [libjvm.so+0x33267a]  Compilation::compile_method()+0x7a
V  [libjvm.so+0x332b33]  Compilation::Compilation(AbstractCompiler*, ciEnv*, ciMethod*, int, BufferBlob*)+0x243
V  [libjvm.so+0x333858]  Compiler::compile_method(ciEnv*, ciMethod*, int)+0xa8
V  [libjvm.so+0x472652]  CompileBroker::invoke_compiler_on_method(CompileTask*)+0x8c2
V  [libjvm.so+0x4734d8]  CompileBroker::compiler_thread_loop()+0x4e8
V  [libjvm.so+0x998d78]  JavaThread::thread_main_inner()+0xd8
V  [libjvm.so+0x850032]  java_start(Thread*)+0xf2
C  [libpthread.so.0+0x76db]  start_thread+0xdb


Current CompileTask:
C1:    521  756       1       java.nio.Buffer::position (5 bytes)


---------------  P R O C E S S  ---------------

Java Threads: ( => current thread )
  0x00007fe9e8013000 JavaThread "Read output from: Gradle build daemon Thread 2" [_thread_in_native, id=4652, stack(0x00007fea356a0000,0x00007fea357a1000)]
  0x00007fe9e800f800 JavaThread "process reaper" daemon [_thread_in_native, id=4643, stack(0x00007fea358a2000,0x00007fea358db000)]
  0x00007fea50780000 JavaThread "Run Gradle build daemon" [_thread_blocked, id=4641, stack(0x00007fea358db000,0x00007fea359dc000)]
  0x00007fea500cd000 JavaThread "Service Thread" daemon [_thread_blocked, id=4639, stack(0x00007fea3742f000,0x00007fea37530000)]
=>0x00007fea500c2000 JavaThread "C1 CompilerThread2" daemon [_thread_in_native, id=4638, stack(0x00007fea37531000,0x00007fea37631000)]
  0x00007fea500c0800 JavaThread "C2 CompilerThread1" daemon [_thread_blocked, id=4637, stack(0x00007fea3c0b1000,0x00007fea3c1b1000)]
  0x00007fea500ab800 JavaThread "C2 CompilerThread0" daemon [_thread_blocked, id=4636, stack(0x00007fea3c1b2000,0x00007fea3c2b2000)]
  0x00007fea500bb000 JavaThread "Signal Dispatcher" daemon [_thread_blocked, id=4635, stack(0x00007fea3c2b2000,0x00007fea3c3b3000)]
  0x00007fea50089800 JavaThread "Finalizer" daemon [_thread_blocked, id=4634, stack(0x00007fea3c3b3000,0x00007fea3c4b4000)]
  0x00007fea50085000 JavaThread "Reference Handler" daemon [_thread_blocked, id=4633, stack(0x00007fea3c4b4000,0x00007fea3c5b5000)]
  0x00007fea5000b800 JavaThread "main" [_thread_blocked, id=4625, stack(0x00007fea56462000,0x00007fea56562000)]

Other Threads:
  0x00007fea5007d000 VMThread [stack: 0x00007fea3c5b6000,0x00007fea3c6b6000] [id=4632]
  0x00007fea500cf800 WatcherThread [stack: 0x00007fea3732f000,0x00007fea3742f000] [id=4640]

VM state:not at safepoint (normal execution)

VM Mutex/Monitor currently owned by a thread: None

Heap:
 PSYoungGen      total 74752K, used 37506K [0x000000076d300000, 0x0000000772600000, 0x00000007c0000000)
  eden space 64512K, 58% used [0x000000076d300000,0x000000076f7a0808,0x0000000771200000)
  from space 10240K, 0% used [0x0000000771c00000,0x0000000771c00000,0x0000000772600000)
  to   space 10240K, 0% used [0x0000000771200000,0x0000000771200000,0x0000000771c00000)
 ParOldGen       total 171008K, used 0K [0x00000006c7800000, 0x00000006d1f00000, 0x000000076d300000)
  object space 171008K, 0% used [0x00000006c7800000,0x00000006c7800000,0x00000006d1f00000)
 Metaspace       used 9854K, capacity 10138K, committed 10368K, reserved 1058816K
  class space    used 1281K, capacity 1377K, committed 1408K, reserved 1048576K

Card table byte_map: [0x00007fea3fa1d000,0x00007fea401e2000] byte_map_base: 0x00007fea3c3e1000

Marking Bits: (ParMarkBitMap*) 0x00007fea558fb440
 Begin Bits: [0x00007fea083c0000, 0x00007fea0c1e0000)
 End Bits:   [0x00007fea0c1e0000, 0x00007fea10000000)

Polling page: 0x00007fea56579000

CodeCache: size=245760Kb used=2877Kb max_used=2877Kb free=242882Kb
 bounds [0x00007fea405a2000, 0x00007fea40882000, 0x00007fea4f5a2000]
 total_blobs=1092 nmethods=756 adapters=251
 compilation: enabled

Compilation events (10 events):
Event: 0.388 Thread 0x00007fea500c2000 nmethod 752 0x00007fea4086d590 code [0x00007fea4086d700, 0x00007fea4086d970]
Event: 0.388 Thread 0x00007fea500c2000  754       3       java.io.DataOutputStream::writeUTF (435 bytes)
Event: 0.389 Thread 0x00007fea500c2000 nmethod 754 0x00007fea4086da90 code [0x00007fea4086dda0, 0x00007fea4086f9a8]
Event: 0.389 Thread 0x00007fea500c2000  755  s    3       java.io.DataOutputStream::write (16 bytes)
Event: 0.389 Thread 0x00007fea500c2000 nmethod 755 0x00007fea40870810 code [0x00007fea408709a0, 0x00007fea40870de8]
Event: 0.389 Thread 0x00007fea500c2000  753       3       sun.misc.ProxyGenerator$ConstantPool$IndirectEntry::<init> (21 bytes)
Event: 0.389 Thread 0x00007fea500c2000 nmethod 753 0x00007fea40870f50 code [0x00007fea408710c0, 0x00007fea40871330]
Event: 0.519 Thread 0x00007fea500c2000  757       3       java.util.regex.Pattern$Dot::isSatisfiedBy (34 bytes)
Event: 0.519 Thread 0x00007fea500c2000 nmethod 757 0x00007fea40871cd0 code [0x00007fea40871e40, 0x00007fea408720b0]
Event: 0.519 Thread 0x00007fea500c2000  756       1       java.nio.Buffer::position (5 bytes)

GC Heap History (0 events):
No events

Deoptimization events (2 events):
Event: 0.304 Thread 0x00007fea5000b800 Uncommon trap: reason=unstable_if action=reinterpret pc=0x00007fea408174b4 method=java.util.HashMap.getNode(ILjava/lang/Object;)Ljava/util/HashMap$Node; @ 62
Event: 0.357 Thread 0x00007fea5000b800 Uncommon trap: reason=unstable_if action=reinterpret pc=0x00007fea4075e628 method=java.lang.String.replace(CC)Ljava/lang/String; @ 26

Classes redefined (0 events):
No events

Internal exceptions (10 events):
Event: 0.141 Thread 0x00007fea5000b800 Exception <a 'java/lang/ArrayIndexOutOfBoundsException': 40> (0x000000076dbe0820) thrown at [/usr/local/google/home/ralucas/source/AOSP-openjdk-git/jdk8u/hotspot/src/share/vm/interpreter/interpreterRuntime.cpp, line 366]
Event: 0.184 Thread 0x00007fea5000b800 Exception <a 'java/lang/ArrayIndexOutOfBoundsException': 101> (0x000000076e0c5ea0) thrown at [/usr/local/google/home/ralucas/source/AOSP-openjdk-git/jdk8u/hotspot/src/share/vm/interpreter/interpreterRuntime.cpp, line 366]
Event: 0.184 Thread 0x00007fea5000b800 Exception <a 'java/lang/ArrayIndexOutOfBoundsException': 40> (0x000000076e0c6d60) thrown at [/usr/local/google/home/ralucas/source/AOSP-openjdk-git/jdk8u/hotspot/src/share/vm/interpreter/interpreterRuntime.cpp, line 366]
Event: 0.238 Thread 0x00007fea5000b800 Exception <a 'java/lang/NoSuchFieldError': method resolution failed> (0x000000076e58c448) thrown at [/usr/local/google/home/ralucas/source/AOSP-openjdk-git/jdk8u/hotspot/src/share/vm/prims/methodHandles.cpp, line 1167]
Event: 0.239 Thread 0x00007fea5000b800 Exception <a 'java/lang/NoSuchFieldError': method resolution failed> (0x000000076e599b38) thrown at [/usr/local/google/home/ralucas/source/AOSP-openjdk-git/jdk8u/hotspot/src/share/vm/prims/methodHandles.cpp, line 1167]
Event: 0.279 Thread 0x00007fea5000b800 Exception <a 'java/lang/ArrayIndexOutOfBoundsException'> (0x000000076e8a5d38) thrown at [/usr/local/google/home/ralucas/source/AOSP-openjdk-git/jdk8u/hotspot/src/share/vm/runtime/sharedRuntime.cpp, line 605]
Event: 0.279 Thread 0x00007fea5000b800 Exception <a 'java/lang/ArrayIndexOutOfBoundsException'> (0x000000076e8a7bb0) thrown at [/usr/local/google/home/ralucas/source/AOSP-openjdk-git/jdk8u/hotspot/src/share/vm/runtime/sharedRuntime.cpp, line 605]
Event: 0.284 Thread 0x00007fea5000b800 Exception <a 'java/lang/ArrayIndexOutOfBoundsException'> (0x000000076e9062f8) thrown at [/usr/local/google/home/ralucas/source/AOSP-openjdk-git/jdk8u/hotspot/src/share/vm/runtime/sharedRuntime.cpp, line 605]
Event: 0.284 Thread 0x00007fea5000b800 Exception <a 'java/lang/ArrayIndexOutOfBoundsException'> (0x000000076e907140) thrown at [/usr/local/google/home/ralucas/source/AOSP-openjdk-git/jdk8u/hotspot/src/share/vm/runtime/sharedRuntime.cpp, line 605]
Event: 0.290 Thread 0x00007fea5000b800 Exception <a 'java/lang/NoClassDefFoundError': org/slf4j/impl/StaticMarkerBinder> (0x000000076e9bdf00) thrown at [/usr/local/google/home/ralucas/source/AOSP-openjdk-git/jdk8u/hotspot/src/share/vm/classfile/systemDictionary.cpp, line 199]

Events (10 events):
Event: 0.390 loading class sun/util/locale/provider/NumberFormatProviderImpl
Event: 0.390 loading class sun/util/locale/provider/NumberFormatProviderImpl done
Event: 0.390 loading class java/text/DecimalFormat
Event: 0.391 loading class java/text/DecimalFormat done
Event: 0.391 loading class java/text/FieldPosition
Event: 0.391 loading class java/text/FieldPosition done
Event: 0.391 loading class java/text/DigitList
Event: 0.391 loading class java/text/DigitList done
Event: 0.391 loading class java/math/RoundingMode
Event: 0.391 loading class java/math/RoundingMode done


Dynamic libraries:
00400000-00401000 r-xp 00000000 08:01 3801655                            /home/sachtech/Downloads/android/android-studio/jre/bin/java
00600000-00601000 r--p 00000000 08:01 3801655                            /home/sachtech/Downloads/android/android-studio/jre/bin/java
00601000-00602000 rw-p 00001000 08:01 3801655                            /home/sachtech/Downloads/android/android-studio/jre/bin/java
00948000-00969000 rw-p 00000000 00:00 0                                  [heap]
6c7800000-6d1f00000 rw-p 00000000 00:00 0 
6d1f00000-76d300000 ---p 00000000 00:00 0 
76d300000-772600000 rw-p 00000000 00:00 0 
772600000-7c0000000 ---p 00000000 00:00 0 
7c0000000-7c0160000 rw-p 00000000 00:00 0 
7c0160000-800000000 ---p 00000000 00:00 0 
7fe9d4000000-7fe9d4021000 rw-p 00000000 00:00 0 
7fe9d4021000-7fe9d8000000 ---p 00000000 00:00 0 
7fe9dc000000-7fe9dc021000 rw-p 00000000 00:00 0 
7fe9dc021000-7fe9e0000000 ---p 00000000 00:00 0 
7fe9e0000000-7fe9e0021000 rw-p 00000000 00:00 0 
7fe9e0021000-7fe9e4000000 ---p 00000000 00:00 0 
7fe9e4000000-7fe9e4021000 rw-p 00000000 00:00 0 
7fe9e4021000-7fe9e8000000 ---p 00000000 00:00 0 
7fe9e8000000-7fe9e8021000 rw-p 00000000 00:00 0 
7fe9e8021000-7fe9ec000000 ---p 00000000 00:00 0 
7fe9ec000000-7fe9ec4e6000 rw-p 00000000 00:00 0 
7fe9ec4e6000-7fe9f0000000 ---p 00000000 00:00 0 
7fe9f0000000-7fe9f0021000 rw-p 00000000 00:00 0 
7fe9f0021000-7fe9f4000000 ---p 00000000 00:00 0 
7fe9f4000000-7fe9f4216000 rw-p 00000000 00:00 0 
7fe9f4216000-7fe9f8000000 ---p 00000000 00:00 0 
7fe9f8000000-7fe9f82ad000 rw-p 00000000 00:00 0 
7fe9f82ad000-7fe9fc000000 ---p 00000000 00:00 0 
7fe9fc000000-7fe9fc021000 rw-p 00000000 00:00 0 
7fe9fc021000-7fea00000000 ---p 00000000 00:00 0 
7fea00000000-7fea00021000 rw-p 00000000 00:00 0 
7fea00021000-7fea04000000 ---p 00000000 00:00 0 
7fea04000000-7fea04021000 rw-p 00000000 00:00 0 
7fea04021000-7fea08000000 ---p 00000000 00:00 0 
7fea083c0000-7fea10000000 rw-p 00000000 00:00 0 
7fea10000000-7fea10021000 rw-p 00000000 00:00 0 
7fea10021000-7fea14000000 ---p 00000000 00:00 0 
7fea14000000-7fea14021000 rw-p 00000000 00:00 0 
7fea14021000-7fea18000000 ---p 00000000 00:00 0 
7fea18000000-7fea18021000 rw-p 00000000 00:00 0 
7fea18021000-7fea1c000000 ---p 00000000 00:00 0 
7fea20000000-7fea20021000 rw-p 00000000 00:00 0 
7fea20021000-7fea24000000 ---p 00000000 00:00 0 
7fea28000000-7fea28021000 rw-p 00000000 00:00 0 
7fea28021000-7fea2c000000 ---p 00000000 00:00 0 
7fea30000000-7fea30021000 rw-p 00000000 00:00 0 
7fea30021000-7fea34000000 ---p 00000000 00:00 0 
7fea356a0000-7fea356a3000 ---p 00000000 00:00 0 
7fea356a3000-7fea357a1000 rw-p 00000000 00:00 0 
7fea357a1000-7fea357a4000 ---p 00000000 00:00 0 
7fea357a4000-7fea358a2000 rw-p 00000000 00:00 0 
7fea358a2000-7fea358a5000 ---p 00000000 00:00 0 
7fea358a5000-7fea358db000 rw-p 00000000 00:00 0 
7fea358db000-7fea358de000 ---p 00000000 00:00 0 
7fea358de000-7fea35a9c000 rw-p 00000000 00:00 0 
7fea35a9c000-7fea35bdc000 ---p 00000000 00:00 0 
7fea35bdc000-7fea35be5000 r-xp 00000000 08:01 3801742                    /home/sachtech/Downloads/android/android-studio/jre/jre/lib/amd64/libmanagement.so
7fea35be5000-7fea35de4000 ---p 00009000 08:01 3801742                    /home/sachtech/Downloads/android/android-studio/jre/jre/lib/amd64/libmanagement.so
7fea35de4000-7fea35de5000 r--p 00008000 08:01 3801742                    /home/sachtech/Downloads/android/android-studio/jre/jre/lib/amd64/libmanagement.so
7fea35de5000-7fea35de6000 rw-p 00009000 08:01 3801742                    /home/sachtech/Downloads/android/android-studio/jre/jre/lib/amd64/libmanagement.so
7fea35de6000-7fea35e0b000 r-xp 00000000 08:01 1053508                    /lib/x86_64-linux-gnu/libtinfo.so.5.9
7fea35e0b000-7fea3600b000 ---p 00025000 08:01 1053508                    /lib/x86_64-linux-gnu/libtinfo.so.5.9
7fea3600b000-7fea3600f000 r--p 00025000 08:01 1053508                    /lib/x86_64-linux-gnu/libtinfo.so.5.9
7fea3600f000-7fea36010000 rw-p 00029000 08:01 1053508                    /lib/x86_64-linux-gnu/libtinfo.so.5.9
7fea36010000-7fea36031000 r-xp 00000000 08:01 1053423                    /lib/x86_64-linux-gnu/libncurses.so.5.9
7fea36031000-7fea36231000 ---p 00021000 08:01 1053423                    /lib/x86_64-linux-gnu/libncurses.so.5.9
7fea36231000-7fea36232000 r--p 00021000 08:01 1053423                    /lib/x86_64-linux-gnu/libncurses.so.5.9
7fea36232000-7fea36233000 rw-p 00022000 08:01 1053423                    /lib/x86_64-linux-gnu/libncurses.so.5.9
7fea36233000-7fea36236000 r-xp 00000000 08:01 3939555                    /root/.gradle/native/25/linux-amd64-ncurses5/libnative-platform-curses.so
7fea36236000-7fea36436000 ---p 00003000 08:01 3939555                    /root/.gradle/native/25/linux-amd64-ncurses5/libnative-platform-curses.so
7fea36436000-7fea36437000 rw-p 00003000 08:01 3939555                    /root/.gradle/native/25/linux-amd64-ncurses5/libnative-platform-curses.so
7fea36437000-7fea3644e000 r-xp 00000000 08:01 1048592                    /lib/x86_64-linux-gnu/libgcc_s.so.1
7fea3644e000-7fea3664d000 ---p 00017000 08:01 1048592                    /lib/x86_64-linux-gnu/libgcc_s.so.1
7fea3664d000-7fea3664e000 r--p 00016000 08:01 1048592                    /lib/x86_64-linux-gnu/libgcc_s.so.1
7fea3664e000-7fea3664f000 rw-p 00017000 08:01 1048592                    /lib/x86_64-linux-gnu/libgcc_s.so.1
7fea3664f000-7fea367c8000 r-xp 00000000 08:01 5900935                    /usr/lib/x86_64-linux-gnu/libstdc++.so.6.0.25
7fea367c8000-7fea369c8000 ---p 00179000 08:01 5900935                    /usr/lib/x86_64-linux-gnu/libstdc++.so.6.0.25
7fea369c8000-7fea369d2000 r--p 00179000 08:01 5900935                    /usr/lib/x86_64-linux-gnu/libstdc++.so.6.0.25
7fea369d2000-7fea369d4000 rw-p 00183000 08:01 5900935                    /usr/lib/x86_64-linux-gnu/libstdc++.so.6.0.25
7fea369d4000-7fea369d8000 rw-p 00000000 00:00 0 
7fea369e7000-7fea369ee000 r--s 00000000 08:01 6163172                    /usr/lib/x86_64-linux-gnu/gconv/gconv-modules.cache
7fea369ee000-7fea369f3000 r-xp 00000000 08:01 3282607                    /root/.gradle/native/25/linux-amd64/libnative-platform.so
7fea369f3000-7fea36bf2000 ---p 00005000 08:01 3282607                    /root/.gradle/native/25/linux-amd64/libnative-platform.so
7fea36bf2000-7fea36bf3000 rw-p 00004000 08:01 3282607                    /root/.gradle/native/25/linux-amd64/libnative-platform.so
7fea36bf3000-7fea36bf4000 r--s 00006000 08:01 3278031                    /root/.gradle/wrapper/dists/gradle-4.4-all/9br9xq1tocpiv8o6njlyu5op1/gradle-4.4/lib/gradle-wrapper-4.4.jar
7fea36bf4000-7fea36c02000 r--s 00046000 08:01 3278030                    /root/.gradle/wrapper/dists/gradle-4.4-all/9br9xq1tocpiv8o6njlyu5op1/gradle-4.4/lib/gradle-tooling-api-4.4.jar
7fea36c02000-7fea36c03000 r--s 00002000 08:01 3278027                    /root/.gradle/wrapper/dists/gradle-4.4-all/9br9xq1tocpiv8o6njlyu5op1/gradle-4.4/lib/kotlin-stdlib-jre8-1.1.51.jar
7fea36c03000-7fea36c04000 r--s 00000000 08:01 3278026                    /root/.gradle/wrapper/dists/gradle-4.4-all/9br9xq1tocpiv8o6njlyu5op1/gradle-4.4/lib/kotlin-stdlib-jre7-1.1.51.jar
7fea36c04000-7fea36c13000 r--s 000c9000 08:01 3278025                    /root/.gradle/wrapper/dists/gradle-4.4-all/9br9xq1tocpiv8o6njlyu5op1/gradle-4.4/lib/kotlin-stdlib-1.1.51.jar
7fea36c13000-7fea36c15000 r--s 00002000 08:01 3278024                    /root/.gradle/wrapper/dists/gradle-4.4-all/9br9xq1tocpiv8o6njlyu5op1/gradle-4.4/lib/kotlin-sam-with-receiver-compiler-plugin-1.1.51.jar
7fea36c15000-7fea36c48000 r--s 0022b000 08:01 3278023                    /root/.gradle/wrapper/dists/gradle-4.4-all/9br9xq1tocpiv8o6njlyu5op1/gradle-4.4/lib/kotlin-reflect-1.1.51.jar
7fea36c48000-7fea36e2a000 r--s 01a42000 08:01 3278022                    /root/.gradle/wrapper/dists/gradle-4.4-all/9br9xq1tocpiv8o6njlyu5op1/gradle-4.4/lib/kotlin-compiler-embeddable-1.1.51.jar
7fea36e2a000-7fea36e2b000 r--s 00000000 08:01 3278021                    /root/.gradle/wrapper/dists/gradle-4.4-all/9br9xq1tocpiv8o6njlyu5op1/gradle-4.4/lib/gradle-kotlin-dsl-tooling-models-0.13.1.jar
7fea36e2b000-7fea36e2d000 r--s 00003000 08:01 3278018                    /root/.gradle/wrapper/dists/gradle-4.4-all/9br9xq1tocpiv8o6njlyu5op1/gradle-4.4/lib/annotations-13.0.jar
7fea36e2d000-7fea36e38000 r--s 00082000 08:01 3278019                    /root/.gradle/wrapper/dists/gradle-4.4-all/9br9xq1tocpiv8o6njlyu5op1/gradle-4.4/lib/gradle-kotlin-dsl-0.13.1.jar
7fea36e38000-7fea36e3c000 r--s 00012000 08:01 3278036                    /root/.gradle/wrapper/dists/gradle-4.4-all/9br9xq1tocpiv8o6njlyu5op1/gradle-4.4/lib/gradle-build-cache-4.4.jar
7fea36e3c000-7fea36e42000 r--s 0002e000 08:01 3278040                    /root/.gradle/wrapper/dists/gradle-4.4-all/9br9xq1tocpiv8o6njlyu5op1/gradle-4.4/lib/gradle-persistent-cache-4.4.jar
7fea36e42000-7fea36e46000 r--s 00014000 08:01 3278039                    /root/.gradle/wrapper/dists/gradle-4.4-all/9br9xq1tocpiv8o6njlyu5op1/gradle-4.4/lib/gradle-resources-4.4.jar
7fea36e46000-7fea36e47000 r--s 00003000 08:01 3278047                    /root/.gradle/wrapper/dists/gradle-4.4-all/9br9xq1tocpiv8o6njlyu5op1/gradle-4.4/lib/gradle-build-option-4.4.jar
7fea36e47000-7fea36e49000 r--s 00005000 08:01 3278048                    /root/.gradle/wrapper/dists/gradle-4.4-all/9br9xq1tocpiv8o6njlyu5op1/gradle-4.4/lib/gradle-cli-4.4.jar
7fea36e49000-7fea36e4b000 r--s 00003000 08:01 3278055                    /root/.gradle/wrapper/dists/gradle-4.4-all/9br9xq1tocpiv8o6njlyu5op1/gradle-4.4/lib/jcl-over-slf4j-1.7.10.jar
7fea36e4b000-7fea36e4c000 r--s 00005000 08:01 3278054                    /root/.gradle/wrapper/dists/gradle-4.4-all/9br9xq1tocpiv8o6njlyu5op1/gradle-4.4/lib/log4j-over-slf4j-1.7.10.jar
7fea36e4c000-7fea36e4e000 r--s 00000000 08:01 3278053                    /root/.gradle/wrapper/dists/gradle-4.4-all/9br9xq1tocpiv8o6njlyu5op1/gradle-4.4/lib/jul-to-slf4j-1.7.10.jar
7fea36e4e000-7fea36e55000 r--s 0002f000 08:01 3278037                    /root/.gradle/wrapper/dists/gradle-4.4-all/9br9xq1tocpiv8o6njlyu5op1/gradle-4.4/lib/gradle-logging-4.4.jar
7fea36e55000-7fea36e65000 r--s 00082000 08:01 3278043                    /root/.gradle/wrapper/dists/gradle-4.4-all/9br9xq1tocpiv8o6njlyu5op1/gradle-4.4/lib/gradle-model-core-4.4.jar
7fea36e65000-7fea36e67000 r--s 00006000 08:01 3278044                    /root/.gradle/wrapper/dists/gradle-4.4-all/9br9xq1tocpiv8o6njlyu5op1/gradle-4.4/lib/gradle-base-services-groovy-4.4.jar
7fea36e67000-7fea36e69000 r--s 00007000 08:01 3278042                    /root/.gradle/wrapper/dists/gradle-4.4-all/9br9xq1tocpiv8o6njlyu5op1/gradle-4.4/lib/gradle-model-groovy-4.4.jar
7fea36e69000-7fea36e6a000 r--s 00002000 08:01 3278068                    /root/.gradle/wrapper/dists/gradle-4.4-all/9br9xq1tocpiv8o6njlyu5op1/gradle-4.4/lib/gradle-docs-4.4.jar
7fea36e6a000-7fea36e73000 r--s 0002d000 08:01 3278067                    /root/.gradle/wrapper/dists/gradle-4.4-all/9br9xq1tocpiv8o6njlyu5op1/gradle-4.4/lib/xml-apis-1.4.01.jar
7fea36e73000-7fea36e7d000 r--s 00078000 08:01 3278066                    /root/.gradle/wrapper/dists/gradle-4.4-all/9br9xq1tocpiv8o6njlyu5op1/gradle-4.4/lib/commons-compress-1.14.jar
7fea36e7d000-7fea36e8a000 r--s 00083000 08:01 3278064                    /root/.gradle/wrapper/dists/gradle-4.4-all/9br9xq1tocpiv8o6njlyu5op1/gradle-4.4/lib/commons-collections-3.2.2.jar
7fea36e8a000-7fea36e8b000 r--s 00000000 08:01 3278063                    /root/.gradle/wrapper/dists/gradle-4.4-all/9br9xq1tocpiv8o6njlyu5op1/gradle-4.4/lib/javax.inject-1.jar
7fea36e8b000-7fea36efb000 r--s 00646000 08:01 3278061                    /root/.gradle/wrapper/dists/gradle-4.4-all/9br9xq1tocpiv8o6njlyu5op1/gradle-4.4/lib/groovy-all-2.4.12.jar
7fea36efb000-7fea36efe000 r--s 00023000 08:01 3278069                    /root/.gradle/wrapper/dists/gradle-4.4-all/9br9xq1tocpiv8o6njlyu5op1/gradle-4.4/lib/jansi-1.14.jar
7fea36efe000-7fea36eff000 r--s 00004000 08:01 3278071                    /root/.gradle/wrapper/dists/gradle-4.4-all/9br9xq1tocpiv8o6njlyu5op1/gradle-4.4/lib/native-platform-freebsd-amd64-libcpp-0.14.jar
7fea36eff000-7fea36f00000 r--s 00004000 08:01 3278072                    /root/.gradle/wrapper/dists/gradle-4.4-all/9br9xq1tocpiv8o6njlyu5op1/gradle-4.4/lib/native-platform-freebsd-amd64-libstdcpp-0.14.jar
7fea36f00000-7fea36f01000 r--s 00004000 08:01 3278073                    /root/.gradle/wrapper/dists/gradle-4.4-all/9br9xq1tocpiv8o6njlyu5op1/gradle-4.4/lib/native-platform-freebsd-i386-libcpp-0.14.jar
7fea36f01000-7fea36f02000 r--s 00003000 08:01 3278074                    /root/.gradle/wrapper/dists/gradle-4.4-all/9br9xq1tocpiv8o6njlyu5op1/gradle-4.4/lib/native-platform-freebsd-i386-libstdcpp-0.14.jar
7fea36f02000-7fea36f03000 r--s 00002000 08:01 3278075                    /root/.gradle/wrapper/dists/gradle-4.4-all/9br9xq1tocpiv8o6njlyu5op1/gradle-4.4/lib/native-platform-linux-amd64-0.14.jar
7fea36f03000-7fea36f04000 r--s 00002000 08:01 3278076                    /root/.gradle/wrapper/dists/gradle-4.4-all/9br9xq1tocpiv8o6njlyu5op1/gradle-4.4/lib/native-platform-linux-i386-0.14.jar
7fea36f04000-7fea36f15000 r-xp 00000000 08:01 3801736                    /home/sachtech/Downloads/android/android-studio/jre/jre/lib/amd64/libnio.so
7fea36f15000-7fea37114000 ---p 00011000 08:01 3801736                    /home/sachtech/Downloads/android/android-studio/jre/jre/lib/amd64/libnio.so
7fea37114000-7fea37115000 r--p 00010000 08:01 3801736                    /home/sachtech/Downloads/android/android-studio/jre/jre/lib/amd64/libnio.so
7fea37115000-7fea37116000 rw-p 00011000 08:01 3801736                    /home/sachtech/Downloads/android/android-studio/jre/jre/lib/amd64/libnio.so
7fea37116000-7fea3712c000 r-xp 00000000 08:01 3801734                    /home/sachtech/Downloads/android/android-studio/jre/jre/lib/amd64/libnet.so
7fea3712c000-7fea3732c000 ---p 00016000 08:01 3801734                    /home/sachtech/Downloads/android/android-studio/jre/jre/lib/amd64/libnet.so
7fea3732c000-7fea3732d000 r--p 00016000 08:01 3801734                    /home/sachtech/Downloads/android/android-studio/jre/jre/lib/amd64/libnet.so
7fea3732d000-7fea3732e000 rw-p 00017000 08:01 3801734                    /home/sachtech/Downloads/android/android-studio/jre/jre/lib/amd64/libnet.so
7fea3732e000-7fea3732f000 ---p 00000000 00:00 0 
7fea3732f000-7fea3742f000 rw-p 00000000 00:00 0 
7fea3742f000-7fea37432000 ---p 00000000 00:00 0 
7fea37432000-7fea37530000 rw-p 00000000 00:00 0 
7fea37530000-7fea37531000 ---p 00000000 00:00 0 
7fea37531000-7fea37534000 ---p 00000000 00:00 0 
7fea37534000-7fea37631000 rw-p 00000000 00:00 0 
7fea37631000-7fea38000000 r--p 00000000 08:01 5905024                    /usr/lib/locale/locale-archive
7fea38000000-7fea38021000 rw-p 00000000 00:00 0 
7fea38021000-7fea3c000000 ---p 00000000 00:00 0 
7fea3c000000-7fea3c002000 r--s 00002000 08:01 3278077                    /root/.gradle/wrapper/dists/gradle-4.4-all/9br9xq1tocpiv8o6njlyu5op1/gradle-4.4/lib/native-platform-osx-amd64-0.14.jar
7fea3c002000-7fea3c003000 r--s 00003000 08:01 3278078                    /root/.gradle/wrapper/dists/gradle-4.4-all/9br9xq1tocpiv8o6njlyu5op1/gradle-4.4/lib/native-platform-osx-i386-0.14.jar
7fea3c003000-7fea3c005000 r--s 0000b000 08:01 3278079                    /root/.gradle/wrapper/dists/gradle-4.4-all/9br9xq1tocpiv8o6njlyu5op1/gradle-4.4/lib/native-platform-windows-amd64-0.14.jar
7fea3c005000-7fea3c006000 r--s 0000b000 08:01 3278080                    /root/.gradle/wrapper/dists/gradle-4.4-all/9br9xq1tocpiv8o6njlyu5op1/gradle-4.4/lib/native-platform-windows-i386-0.14.jar
7fea3c006000-7fea3c007000 r--s 00001000 08:01 3278081                    /root/.gradle/wrapper/dists/gradle-4.4-all/9br9xq1tocpiv8o6njlyu5op1/gradle-4.4/lib/native-platform-linux-amd64-ncurses5-0.14.jar
7fea3c007000-7fea3c008000 r--s 00001000 08:01 3278082                    /root/.gradle/wrapper/dists/gradle-4.4-all/9br9xq1tocpiv8o6njlyu5op1/gradle-4.4/lib/native-platform-linux-amd64-ncurses6-0.14.jar
7fea3c008000-7fea3c009000 r--s 00001000 08:01 3278083                    /root/.gradle/wrapper/dists/gradle-4.4-all/9br9xq1tocpiv8o6njlyu5op1/gradle-4.4/lib/native-platform-linux-i386-ncurses5-0.14.jar
7fea3c009000-7fea3c00a000 r--s 00001000 08:01 3278084                    /root/.gradle/wrapper/dists/gradle-4.4-all/9br9xq1tocpiv8o6njlyu5op1/gradle-4.4/lib/native-platform-linux-i386-ncurses6-0.14.jar
7fea3c00a000-7fea3c00e000 r--s 00012000 08:01 3278065                    /root/.gradle/wrapper/dists/gradle-4.4-all/9br9xq1tocpiv8o6njlyu5op1/gradle-4.4/lib/native-platform-0.14.jar
7fea3c00e000-7fea3c011000 r--s 0000c000 08:01 3278041                    /root/.gradle/wrapper/dists/gradle-4.4-all/9br9xq1tocpiv8o6njlyu5op1/gradle-4.4/lib/gradle-native-4.4.jar
7fea3c011000-7fea3c013000 r--s 0000f000 08:01 3278050                    /root/.gradle/wrapper/dists/gradle-4.4-all/9br9xq1tocpiv8o6njlyu5op1/gradle-4.4/lib/reflectasm-1.07-shaded.jar
7fea3c013000-7fea3c015000 r--s 00000000 08:01 3278085                    /root/.gradle/wrapper/dists/gradle-4.4-all/9br9xq1tocpiv8o6njlyu5op1/gradle-4.4/lib/minlog-1.2.jar
7fea3c015000-7fea3c017000 r--s 00007000 08:01 3278086                    /root/.gradle/wrapper/dists/gradle-4.4-all/9br9xq1tocpiv8o6njlyu5op1/gradle-4.4/lib/objenesis-1.2.jar
7fea3c017000-7fea3c01b000 r--s 00026000 08:01 3278049                    /root/.gradle/wrapper/dists/gradle-4.4-all/9br9xq1tocpiv8o6njlyu5op1/gradle-4.4/lib/kryo-2.20.jar
7fea3c01b000-7fea3c021000 r--s 0002b000 08:01 3278045                    /root/.gradle/wrapper/dists/gradle-4.4-all/9br9xq1tocpiv8o6njlyu5op1/gradle-4.4/lib/gradle-messaging-4.4.jar
7fea3c021000-7fea3c023000 r--s 00006000 08:01 3278038                    /root/.gradle/wrapper/dists/gradle-4.4-all/9br9xq1tocpiv8o6njlyu5op1/gradle-4.4/lib/gradle-process-services-4.4.jar
7fea3c023000-7fea3c025000 r--s 00000000 08:01 3278034                    /root/.gradle/wrapper/dists/gradle-4.4-all/9br9xq1tocpiv8o6njlyu5op1/gradle-4.4/lib/gradle-jvm-services-4.4.jar
7fea3c025000-7fea3c02a000 r--s 00041000 08:01 3278059                    /root/.gradle/wrapper/dists/gradle-4.4-all/9br9xq1tocpiv8o6njlyu5op1/gradle-4.4/lib/commons-lang-2.6.jar
7fea3c02a000-7fea3c02d000 r--s 00006000 08:01 3278058                    /root/.gradle/wrapper/dists/gradle-4.4-all/9br9xq1tocpiv8o6njlyu5op1/gradle-4.4/lib/jsr305-1.3.9.jar
7fea3c02d000-7fea3c055000 r--s 001cf000 08:01 3278057                    /root/.gradle/wrapper/dists/gradle-4.4-all/9br9xq1tocpiv8o6njlyu5op1/gradle-4.4/lib/guava-jdk5-17.0.jar
7fea3c055000-7fea3c074000 r--s 001d5000 08:01 3278062                    /root/.gradle/wrapper/dists/gradle-4.4-all/9br9xq1tocpiv8o6njlyu5op1/gradle-4.4/lib/ant-1.9.9.jar
7fea3c074000-7fea3c0b0000 r--s 00204000 08:01 3278033                    /root/.gradle/wrapper/dists/gradle-4.4-all/9br9xq1tocpiv8o6njlyu5op1/gradle-4.4/lib/gradle-core-4.4.jar
7fea3c0b0000-7fea3c0b1000 ---p 00000000 00:00 0 
7fea3c0b1000-7fea3c0b4000 ---p 00000000 00:00 0 
7fea3c0b4000-7fea3c1b1000 rw-p 00000000 00:00 0 
7fea3c1b1000-7fea3c1b2000 ---p 00000000 00:00 0 
7fea3c1b2000-7fea3c1b5000 ---p 00000000 00:00 0 
7fea3c1b5000-7fea3c2b2000 rw-p 00000000 00:00 0 
7fea3c2b2000-7fea3c2b5000 ---p 00000000 00:00 0 
7fea3c2b5000-7fea3c3b3000 rw-p 00000000 00:00 0 
7fea3c3b3000-7fea3c3b6000 ---p 00000000 00:00 0 
7fea3c3b6000-7fea3c4b4000 rw-p 00000000 00:00 0 
7fea3c4b4000-7fea3c4b7000 ---p 00000000 00:00 0 
7fea3c4b7000-7fea3c5b5000 rw-p 00000000 00:00 0 
7fea3c5b5000-7fea3c5b6000 ---p 00000000 00:00 0 
7fea3c5b6000-7fea3dcdf000 rw-p 00000000 00:00 0 
7fea3dcdf000-7fea3deaf000 r--s 03c46000 08:01 3801724                    /home/sachtech/Downloads/android/android-studio/jre/jre/lib/rt.jar
7fea3deaf000-7fea3eee9000 rw-p 00000000 00:00 0 
7fea3eee9000-7fea3eeea000 ---p 00000000 00:00 0 
7fea3eeea000-7fea3efea000 rw-p 00000000 00:00 0 
7fea3efea000-7fea3efeb000 ---p 00000000 00:00 0 
7fea3efeb000-7fea3f0eb000 rw-p 00000000 00:00 0 
7fea3f0eb000-7fea3f0ec000 ---p 00000000 00:00 0 
7fea3f0ec000-7fea3f1ec000 rw-p 00000000 00:00 0 
7fea3f1ec000-7fea3f1ed000 ---p 00000000 00:00 0 
7fea3f1ed000-7fea3f2ed000 rw-p 00000000 00:00 0 
7fea3f2ed000-7fea3f2ee000 ---p 00000000 00:00 0 
7fea3f2ee000-7fea3f3ee000 rw-p 00000000 00:00 0 
7fea3f3ee000-7fea3f3ef000 ---p 00000000 00:00 0 
7fea3f3ef000-7fea3f543000 rw-p 00000000 00:00 0 
7fea3f543000-7fea3fa1d000 ---p 00000000 00:00 0 
7fea3fa1d000-7fea3fa71000 rw-p 00000000 00:00 0 
7fea3fa71000-7fea3ff4a000 ---p 00000000 00:00 0 
7fea3ff4a000-7fea3ff74000 rw-p 00000000 00:00 0 
7fea3ff74000-7fea401e1000 ---p 00000000 00:00 0 
7fea401e1000-7fea401ee000 rw-p 00000000 00:00 0 
7fea401ee000-7fea405a2000 ---p 00000000 00:00 0 
7fea405a2000-7fea40882000 rwxp 00000000 00:00 0 
7fea40882000-7fea4f5a2000 ---p 00000000 00:00 0 
7fea4f5a2000-7fea4f5bc000 r-xp 00000000 08:01 3801735                    /home/sachtech/Downloads/android/android-studio/jre/jre/lib/amd64/libzip.so
7fea4f5bc000-7fea4f7bc000 ---p 0001a000 08:01 3801735                    /home/sachtech/Downloads/android/android-studio/jre/jre/lib/amd64/libzip.so
7fea4f7bc000-7fea4f7bd000 r--p 0001a000 08:01 3801735                    /home/sachtech/Downloads/android/android-studio/jre/jre/lib/amd64/libzip.so
7fea4f7bd000-7fea4f7be000 rw-p 0001b000 08:01 3801735                    /home/sachtech/Downloads/android/android-studio/jre/jre/lib/amd64/libzip.so
7fea4f7be000-7fea4f7c9000 r-xp 00000000 08:01 1053440                    /lib/x86_64-linux-gnu/libnss_files-2.27.so
7fea4f7c9000-7fea4f9c8000 ---p 0000b000 08:01 1053440                    /lib/x86_64-linux-gnu/libnss_files-2.27.so
7fea4f9c8000-7fea4f9c9000 r--p 0000a000 08:01 1053440                    /lib/x86_64-linux-gnu/libnss_files-2.27.so
7fea4f9c9000-7fea4f9ca000 rw-p 0000b000 08:01 1053440                    /lib/x86_64-linux-gnu/libnss_files-2.27.so
7fea4f9ca000-7fea4f9d0000 rw-p 00000000 00:00 0 
7fea4f9d0000-7fea4f9e7000 r-xp 00000000 08:01 1053434                    /lib/x86_64-linux-gnu/libnsl-2.27.so
7fea4f9e7000-7fea4fbe6000 ---p 00017000 08:01 1053434                    /lib/x86_64-linux-gnu/libnsl-2.27.so
7fea4fbe6000-7fea4fbe7000 r--p 00016000 08:01 1053434                    /lib/x86_64-linux-gnu/libnsl-2.27.so
7fea4fbe7000-7fea4fbe8000 rw-p 00017000 08:01 1053434                    /lib/x86_64-linux-gnu/libnsl-2.27.so
7fea4fbe8000-7fea4fbea000 rw-p 00000000 00:00 0 
7fea4fbea000-7fea4fbf5000 r-xp 00000000 08:01 1053451                    /lib/x86_64-linux-gnu/libnss_nis-2.27.so
7fea4fbf5000-7fea4fdf4000 ---p 0000b000 08:01 1053451                    /lib/x86_64-linux-gnu/libnss_nis-2.27.so
7fea4fdf4000-7fea4fdf5000 r--p 0000a000 08:01 1053451                    /lib/x86_64-linux-gnu/libnss_nis-2.27.so
7fea4fdf5000-7fea4fdf6000 rw-p 0000b000 08:01 1053451                    /lib/x86_64-linux-gnu/libnss_nis-2.27.so
7fea4fdf6000-7fea4fdfe000 r-xp 00000000 08:01 1053436                    /lib/x86_64-linux-gnu/libnss_compat-2.27.so
7fea4fdfe000-7fea4fffe000 ---p 00008000 08:01 1053436                    /lib/x86_64-linux-gnu/libnss_compat-2.27.so
7fea4fffe000-7fea4ffff000 r--p 00008000 08:01 1053436                    /lib/x86_64-linux-gnu/libnss_compat-2.27.so
7fea4ffff000-7fea50000000 rw-p 00009000 08:01 1053436                    /lib/x86_64-linux-gnu/libnss_compat-2.27.so
7fea50000000-7fea507b4000 rw-p 00000000 00:00 0 
7fea507b4000-7fea54000000 ---p 00000000 00:00 0 
7fea54000000-7fea54001000 r--s 00000000 08:01 3278060                    /root/.gradle/wrapper/dists/gradle-4.4-all/9br9xq1tocpiv8o6njlyu5op1/gradle-4.4/lib/jcip-annotations-1.0.jar
7fea54001000-7fea54002000 r--s 00007000 08:01 3278056                    /root/.gradle/wrapper/dists/gradle-4.4-all/9br9xq1tocpiv8o6njlyu5op1/gradle-4.4/lib/slf4j-api-1.7.10.jar
7fea54002000-7fea5400e000 r--s 00032000 08:01 3278035                    /root/.gradle/wrapper/dists/gradle-4.4-all/9br9xq1tocpiv8o6njlyu5op1/gradle-4.4/lib/gradle-core-api-4.4.jar
7fea5400e000-7fea54019000 r--s 0005b000 08:01 3278046                    /root/.gradle/wrapper/dists/gradle-4.4-all/9br9xq1tocpiv8o6njlyu5op1/gradle-4.4/lib/gradle-base-services-4.4.jar
7fea54019000-7fea5403a000 rw-p 00000000 00:00 0 
7fea5403a000-7fea54067000 r-xp 00000000 08:01 3801732                    /home/sachtech/Downloads/android/android-studio/jre/jre/lib/amd64/libjava.so
7fea54067000-7fea54266000 ---p 0002d000 08:01 3801732                    /home/sachtech/Downloads/android/android-studio/jre/jre/lib/amd64/libjava.so
7fea54266000-7fea54267000 r--p 0002c000 08:01 3801732                    /home/sachtech/Downloads/android/android-studio/jre/jre/lib/amd64/libjava.so
7fea54267000-7fea54269000 rw-p 0002d000 08:01 3801732                    /home/sachtech/Downloads/android/android-studio/jre/jre/lib/amd64/libjava.so
7fea54269000-7fea54279000 r-xp 00000000 08:01 3801758                    /home/sachtech/Downloads/android/android-studio/jre/jre/lib/amd64/libverify.so
7fea54279000-7fea54478000 ---p 00010000 08:01 3801758                    /home/sachtech/Downloads/android/android-studio/jre/jre/lib/amd64/libverify.so
7fea54478000-7fea5447a000 r--p 0000f000 08:01 3801758                    /home/sachtech/Downloads/android/android-studio/jre/jre/lib/amd64/libverify.so
7fea5447a000-7fea5447b000 rw-p 00011000 08:01 3801758                    /home/sachtech/Downloads/android/android-studio/jre/jre/lib/amd64/libverify.so
7fea5447b000-7fea54482000 r-xp 00000000 08:01 1053491                    /lib/x86_64-linux-gnu/librt-2.27.so
7fea54482000-7fea54681000 ---p 00007000 08:01 1053491                    /lib/x86_64-linux-gnu/librt-2.27.so
7fea54681000-7fea54682000 r--p 00006000 08:01 1053491                    /lib/x86_64-linux-gnu/librt-2.27.so
7fea54682000-7fea54683000 rw-p 00007000 08:01 1053491                    /lib/x86_64-linux-gnu/librt-2.27.so
7fea54683000-7fea54820000 r-xp 00000000 08:01 1053413                    /lib/x86_64-linux-gnu/libm-2.27.so
7fea54820000-7fea54a1f000 ---p 0019d000 08:01 1053413                    /lib/x86_64-linux-gnu/libm-2.27.so
7fea54a1f000-7fea54a20000 r--p 0019c000 08:01 1053413                    /lib/x86_64-linux-gnu/libm-2.27.so
7fea54a20000-7fea54a21000 rw-p 0019d000 08:01 1053413                    /lib/x86_64-linux-gnu/libm-2.27.so
7fea54a21000-7fea5561d000 r-xp 00000000 08:01 3801761                    /home/sachtech/Downloads/android/android-studio/jre/jre/lib/amd64/server/libjvm.so
7fea5561d000-7fea5581d000 ---p 00bfc000 08:01 3801761                    /home/sachtech/Downloads/android/android-studio/jre/jre/lib/amd64/server/libjvm.so
7fea5581d000-7fea558bd000 r--p 00bfc000 08:01 3801761                    /home/sachtech/Downloads/android/android-studio/jre/jre/lib/amd64/server/libjvm.so
7fea558bd000-7fea558e6000 rw-p 00c9c000 08:01 3801761                    /home/sachtech/Downloads/android/android-studio/jre/jre/lib/amd64/server/libjvm.so
7fea558e6000-7fea5592a000 rw-p 00000000 00:00 0 
7fea5592a000-7fea55944000 r-xp 00000000 08:01 1053483                    /lib/x86_64-linux-gnu/libpthread-2.27.so
7fea55944000-7fea55b43000 ---p 0001a000 08:01 1053483                    /lib/x86_64-linux-gnu/libpthread-2.27.so
7fea55b43000-7fea55b44000 r--p 00019000 08:01 1053483                    /lib/x86_64-linux-gnu/libpthread-2.27.so
7fea55b44000-7fea55b45000 rw-p 0001a000 08:01 1053483                    /lib/x86_64-linux-gnu/libpthread-2.27.so
7fea55b45000-7fea55b49000 rw-p 00000000 00:00 0 
7fea55b49000-7fea55b4c000 r-xp 00000000 08:01 1053373                    /lib/x86_64-linux-gnu/libdl-2.27.so
7fea55b4c000-7fea55d4b000 ---p 00003000 08:01 1053373                    /lib/x86_64-linux-gnu/libdl-2.27.so
7fea55d4b000-7fea55d4c000 r--p 00002000 08:01 1053373                    /lib/x86_64-linux-gnu/libdl-2.27.so
7fea55d4c000-7fea55d4d000 rw-p 00003000 08:01 1053373                    /lib/x86_64-linux-gnu/libdl-2.27.so
7fea55d4d000-7fea55f34000 r-xp 00000000 08:01 1053350                    /lib/x86_64-linux-gnu/libc-2.27.so
7fea55f34000-7fea56134000 ---p 001e7000 08:01 1053350                    /lib/x86_64-linux-gnu/libc-2.27.so
7fea56134000-7fea56138000 r--p 001e7000 08:01 1053350                    /lib/x86_64-linux-gnu/libc-2.27.so
7fea56138000-7fea5613a000 rw-p 001eb000 08:01 1053350                    /lib/x86_64-linux-gnu/libc-2.27.so
7fea5613a000-7fea5613e000 rw-p 00000000 00:00 0 
7fea5613e000-7fea56154000 r-xp 00000000 08:01 3801686                    /home/sachtech/Downloads/android/android-studio/jre/lib/amd64/jli/libjli.so
7fea56154000-7fea56353000 ---p 00016000 08:01 3801686                    /home/sachtech/Downloads/android/android-studio/jre/lib/amd64/jli/libjli.so
7fea56353000-7fea56354000 r--p 00015000 08:01 3801686                    /home/sachtech/Downloads/android/android-studio/jre/lib/amd64/jli/libjli.so
7fea56354000-7fea56355000 rw-p 00016000 08:01 3801686                    /home/sachtech/Downloads/android/android-studio/jre/lib/amd64/jli/libjli.so
7fea56355000-7fea5637c000 r-xp 00000000 08:01 1053322                    /lib/x86_64-linux-gnu/ld-2.27.so
7fea5637c000-7fea56384000 r--s 000bd000 08:01 3278051                    /root/.gradle/wrapper/dists/gradle-4.4-all/9br9xq1tocpiv8o6njlyu5op1/gradle-4.4/lib/asm-debug-all-6.0_ALPHA.jar
7fea56384000-7fea56390000 r--s 0005f000 08:01 3278028                    /root/.gradle/wrapper/dists/gradle-4.4-all/9br9xq1tocpiv8o6njlyu5op1/gradle-4.4/lib/gradle-launcher-4.4.jar
7fea56390000-7fea56461000 rw-p 00000000 00:00 0 
7fea56461000-7fea56462000 ---p 00000000 00:00 0 
7fea56462000-7fea56465000 ---p 00000000 00:00 0 
7fea56465000-7fea56564000 rw-p 00000000 00:00 0 
7fea56564000-7fea56568000 r--s 00027000 08:01 3278052                    /root/.gradle/wrapper/dists/gradle-4.4-all/9br9xq1tocpiv8o6njlyu5op1/gradle-4.4/lib/commons-io-2.2.jar
7fea56568000-7fea56569000 r--s 00004000 08:01 3278070                    /root/.gradle/wrapper/dists/gradle-4.4-all/9br9xq1tocpiv8o6njlyu5op1/gradle-4.4/lib/ant-launcher-1.9.9.jar
7fea56569000-7fea5656e000 r--s 0009a000 08:01 3801726                    /home/sachtech/Downloads/android/android-studio/jre/jre/lib/jsse.jar
7fea5656e000-7fea56570000 r--s 0000c000 08:01 8925251                    /root/AndroidStudioProjects/breeze_clock_android/exploring_new_things/android/gradle/wrapper/gradle-wrapper.jar
7fea56570000-7fea56578000 rw-s 00000000 08:01 4465136                    /tmp/hsperfdata_root/4618
7fea56578000-7fea56579000 rw-p 00000000 00:00 0 
7fea56579000-7fea5657a000 r--p 00000000 00:00 0 
7fea5657a000-7fea5657c000 rw-p 00000000 00:00 0 
7fea5657c000-7fea5657d000 r--p 00027000 08:01 1053322                    /lib/x86_64-linux-gnu/ld-2.27.so
7fea5657d000-7fea5657e000 rw-p 00028000 08:01 1053322                    /lib/x86_64-linux-gnu/ld-2.27.so
7fea5657e000-7fea5657f000 rw-p 00000000 00:00 0 
7ffe3161e000-7ffe3163f000 rw-p 00000000 00:00 0                          [stack]
7ffe317f2000-7ffe317f5000 r--p 00000000 00:00 0                          [vvar]
7ffe317f5000-7ffe317f7000 r-xp 00000000 00:00 0                          [vdso]
ffffffffff600000-ffffffffff601000 r-xp 00000000 00:00 0                  [vsyscall]

VM Arguments:
jvm_args: -Dorg.gradle.appname=gradlew 
java_command: org.gradle.wrapper.GradleWrapperMain app:properties
java_class_path (initial): /root/AndroidStudioProjects/breeze_clock_android/exploring_new_things/android/gradle/wrapper/gradle-wrapper.jar
Launcher Type: SUN_STANDARD

Environment Variables:
JAVA_HOME=/home/sachtech/Downloads/android/android-studio/jre
PATH=/root/flutter/flutter/bin/:/usr/local/sbin:/usr/local/bin:/usr/sbin:/usr/bin:/sbin:/bin:/snap/bin:/home/sachtech/Android/Sdk/emulator:/root/flutter/flutter/bin:/home/sachtech/Android/Sdk:/root/Android/Sdk:/root/Android/Sdk/tools/:/home/sachtech/Android/Sdk:/root/Android/Sdk:/root/Android/Sdk/platform-tools
USERNAME=root
SHELL=/bin/bash
DISPLAY=:0

Signal Handlers:
SIGSEGV: [libjvm.so+0x9edb30], sa_mask[0]=11111111011111111101111111111110, sa_flags=SA_RESTART|SA_SIGINFO
SIGBUS: [libjvm.so+0x9edb30], sa_mask[0]=11111111011111111101111111111110, sa_flags=SA_RESTART|SA_SIGINFO
SIGFPE: [libjvm.so+0x84e800], sa_mask[0]=11111111011111111101111111111110, sa_flags=SA_RESTART|SA_SIGINFO
SIGPIPE: [libjvm.so+0x84e800], sa_mask[0]=11111111011111111101111111111110, sa_flags=SA_RESTART|SA_SIGINFO
SIGXFSZ: [libjvm.so+0x84e800], sa_mask[0]=11111111011111111101111111111110, sa_flags=SA_RESTART|SA_SIGINFO
SIGILL: [libjvm.so+0x84e800], sa_mask[0]=11111111011111111101111111111110, sa_flags=SA_RESTART|SA_SIGINFO
SIGUSR1: SIG_DFL, sa_mask[0]=00000000000000000000000000000000, sa_flags=none
SIGUSR2: [libjvm.so+0x84e6d0], sa_mask[0]=00100000000000000000010000100000, sa_flags=SA_RESTART|SA_SIGINFO
SIGHUP: [libjvm.so+0x84e8c0], sa_mask[0]=11111111011111111101111111111110, sa_flags=SA_RESTART|SA_SIGINFO
SIGINT: [libjvm.so+0x84e8c0], sa_mask[0]=11111111011111111101111111111110, sa_flags=SA_RESTART|SA_SIGINFO
SIGTERM: [libjvm.so+0x84e8c0], sa_mask[0]=11111111011111111101111111111110, sa_flags=SA_RESTART|SA_SIGINFO
SIGQUIT: [libjvm.so+0x84e8c0], sa_mask[0]=11111111011111111101111111111110, sa_flags=SA_RESTART|SA_SIGINFO


---------------  S Y S T E M  ---------------

OS:DISTRIB_ID=Ubuntu
DISTRIB_RELEASE=18.04
DISTRIB_CODENAME=bionic
DISTRIB_DESCRIPTION="Ubuntu 18.04.1 LTS"

uname:Linux 4.15.0-35-generic #38-Ubuntu SMP Wed Sep 12 10:38:24 UTC 2018 x86_64
libc:glibc 2.27 NPTL 2.27 
rlimit: STACK 8192k, CORE 0k, NPROC 63175, NOFILE 4096, AS infinity
load average:1.92 0.86 0.47

/proc/meminfo:
MemTotal:       16283964 kB
MemFree:         6463708 kB
MemAvailable:    9885472 kB
Buffers:          450364 kB
Cached:          3905792 kB
SwapCached:            0 kB
Active:          6163416 kB
Inactive:        2970828 kB
Active(anon):    4779064 kB
Inactive(anon):  1033820 kB
Active(file):    1384352 kB
Inactive(file):  1937008 kB
Unevictable:          48 kB
Mlocked:              48 kB
SwapTotal:       7814140 kB
SwapFree:        7814140 kB
Dirty:             12180 kB
Writeback:             0 kB
AnonPages:       4778144 kB
Mapped:           633400 kB
Shmem:           1034800 kB
Slab:             511656 kB
SReclaimable:     441588 kB
SUnreclaim:        70068 kB
KernelStack:       17200 kB
PageTables:        63880 kB
NFS_Unstable:          0 kB
Bounce:                0 kB
WritebackTmp:          0 kB
CommitLimit:    15956120 kB
Committed_AS:   13226968 kB
VmallocTotal:   34359738367 kB
VmallocUsed:           0 kB
VmallocChunk:          0 kB
HardwareCorrupted:     0 kB
AnonHugePages:      6144 kB
ShmemHugePages:        0 kB
ShmemPmdMapped:        0 kB
CmaTotal:              0 kB
CmaFree:               0 kB
HugePages_Total:       0
HugePages_Free:        0
HugePages_Rsvd:        0
HugePages_Surp:        0
Hugepagesize:       2048 kB
DirectMap4k:      163436 kB
DirectMap2M:     7034880 kB
DirectMap1G:     9437184 kB


CPU:total 6 (initial active 6) (6 cores per cpu, 1 threads per core) family 6 model 158 stepping 10, cmov, cx8, fxsr, mmx, sse, sse2, sse3, ssse3, sse4.1, sse4.2, popcnt, avx, avx2, aes, clmul, erms, 3dnowpref, lzcnt, tsc, tscinvbit, bmi1, bmi2, adx

/proc/cpuinfo:
processor	: 0
vendor_id	: GenuineIntel
cpu family	: 6
model		: 158
model name	: Intel(R) Core(TM) i5-8400 CPU @ 2.80GHz
stepping	: 10
microcode	: 0x96
cpu MHz		: 1898.948
cache size	: 9216 KB
physical id	: 0
siblings	: 6
core id		: 0
cpu cores	: 6
apicid		: 0
initial apicid	: 0
fpu		: yes
fpu_exception	: yes
cpuid level	: 22
wp		: yes
flags		: fpu vme de pse tsc msr pae mce cx8 apic sep mtrr pge mca cmov pat pse36 clflush dts acpi mmx fxsr sse sse2 ss ht tm pbe syscall nx pdpe1gb rdtscp lm constant_tsc art arch_perfmon pebs bts rep_good nopl xtopology nonstop_tsc cpuid aperfmperf tsc_known_freq pni pclmulqdq dtes64 monitor ds_cpl vmx est tm2 ssse3 sdbg fma cx16 xtpr pdcm pcid sse4_1 sse4_2 x2apic movbe popcnt tsc_deadline_timer aes xsave avx f16c rdrand lahf_lm abm 3dnowprefetch cpuid_fault invpcid_single pti ssbd ibrs ibpb stibp tpr_shadow vnmi flexpriority ept vpid fsgsbase tsc_adjust bmi1 avx2 smep bmi2 erms invpcid mpx rdseed adx smap clflushopt intel_pt xsaveopt xsavec xgetbv1 xsaves dtherm ida arat pln pts hwp hwp_notify hwp_act_window hwp_epp flush_l1d
bugs		: cpu_meltdown spectre_v1 spectre_v2 spec_store_bypass l1tf
bogomips	: 5616.00
clflush size	: 64
cache_alignment	: 64
address sizes	: 39 bits physical, 48 bits virtual
power management:

processor	: 1
vendor_id	: GenuineIntel
cpu family	: 6
model		: 158
model name	: Intel(R) Core(TM) i5-8400 CPU @ 2.80GHz
stepping	: 10
microcode	: 0x96
cpu MHz		: 1708.703
cache size	: 9216 KB
physical id	: 0
siblings	: 6
core id		: 1
cpu cores	: 6
apicid		: 2
initial apicid	: 2
fpu		: yes
fpu_exception	: yes
cpuid level	: 22
wp		: yes
flags		: fpu vme de pse tsc msr pae mce cx8 apic sep mtrr pge mca cmov pat pse36 clflush dts acpi mmx fxsr sse sse2 ss ht tm pbe syscall nx pdpe1gb rdtscp lm constant_tsc art arch_perfmon pebs bts rep_good nopl xtopology nonstop_tsc cpuid aperfmperf tsc_known_freq pni pclmulqdq dtes64 monitor ds_cpl vmx est tm2 ssse3 sdbg fma cx16 xtpr pdcm pcid sse4_1 sse4_2 x2apic movbe popcnt tsc_deadline_timer aes xsave avx f16c rdrand lahf_lm abm 3dnowprefetch cpuid_fault invpcid_single pti ssbd ibrs ibpb stibp tpr_shadow vnmi flexpriority ept vpid fsgsbase tsc_adjust bmi1 avx2 smep bmi2 erms invpcid mpx rdseed adx smap clflushopt intel_pt xsaveopt xsavec xgetbv1 xsaves dtherm ida arat pln pts hwp hwp_notify hwp_act_window hwp_epp flush_l1d
bugs		: cpu_meltdown spectre_v1 spectre_v2 spec_store_bypass l1tf
bogomips	: 5616.00
clflush size	: 64
cache_alignment	: 64
address sizes	: 39 bits physical, 48 bits virtual
power management:

processor	: 2
vendor_id	: GenuineIntel
cpu family	: 6
model		: 158
model name	: Intel(R) Core(TM) i5-8400 CPU @ 2.80GHz
stepping	: 10
microcode	: 0x96
cpu MHz		: 1721.157
cache size	: 9216 KB
physical id	: 0
siblings	: 6
core id		: 2
cpu cores	: 6
apicid		: 4
initial apicid	: 4
fpu		: yes
fpu_exception	: yes
cpuid level	: 22
wp		: yes
flags		: fpu vme de pse tsc msr pae mce cx8 apic sep mtrr pge mca cmov pat pse36 clflush dts acpi mmx fxsr sse sse2 ss ht tm pbe syscall nx pdpe1gb rdtscp lm constant_tsc art arch_perfmon pebs bts rep_good nopl xtopology nonstop_tsc cpuid aperfmperf tsc_known_freq pni pclmulqdq dtes64 monitor ds_cpl vmx est tm2 ssse3 sdbg fma cx16 xtpr pdcm pcid sse4_1 sse4_2 x2apic movbe popcnt tsc_deadline_timer aes xsave avx f16c rdrand lahf_lm abm 3dnowprefetch cpuid_fault invpcid_single pti ssbd ibrs ibpb stibp tpr_shadow vnmi flexpriority ept vpid fsgsbase tsc_adjust bmi1 avx2 smep bmi2 erms invpcid mpx rdseed adx smap clflushopt intel_pt xsaveopt xsavec xgetbv1 xsaves dtherm ida arat pln pts hwp hwp_notify hwp_act_window hwp_epp flush_l1d
bugs		: cpu_meltdown spectre_v1 spectre_v2 spec_store_bypass l1tf
bogomips	: 5616.00
clflush size	: 64
cache_alignment	: 64
address sizes	: 39 bits physical, 48 bits virtual
power management:

processor	: 3
vendor_id	: GenuineIntel
cpu family	: 6
model		: 158
model name	: Intel(R) Core(TM) i5-8400 CPU @ 2.80GHz
stepping	: 10
microcode	: 0x96
cpu MHz		: 1792.047
cache size	: 9216 KB
physical id	: 0
siblings	: 6
core id		: 3
cpu cores	: 6
apicid		: 6
initial apicid	: 6
fpu		: yes
fpu_exception	: yes
cpuid level	: 22
wp		: yes
flags		: fpu vme de pse tsc msr pae mce cx8 apic sep mtrr pge mca cmov pat pse36 clflush dts acpi mmx fxsr sse sse2 ss ht tm pbe syscall nx pdpe1gb rdtscp lm constant_tsc art arch_perfmon pebs bts rep_good nopl xtopology nonstop_tsc cpuid aperfmperf tsc_known_freq pni pclmulqdq dtes64 monitor ds_cpl vmx est tm2 ssse3 sdbg fma cx16 xtpr pdcm pcid sse4_1 sse4_2 x2apic movbe popcnt tsc_deadline_timer aes xsave avx f16c rdrand lahf_lm abm 3dnowprefetch cpuid_fault invpcid_single pti ssbd ibrs ibpb stibp tpr_shadow vnmi flexpriority ept vpid fsgsbase tsc_adjust bmi1 avx2 smep bmi2 erms invpcid mpx rdseed adx smap clflushopt intel_pt xsaveopt xsavec xgetbv1 xsaves dtherm ida arat pln pts hwp hwp_notify hwp_act_window hwp_epp flush_l1d
bugs		: cpu_meltdown spectre_v1 spectre_v2 spec_store_bypass l1tf
bogomips	: 5616.00
clflush size	: 64
cache_alignment	: 64
address sizes	: 39 bits physical, 48 bits virtual
power management:

processor	: 4
vendor_id	: GenuineIntel
cpu family	: 6
model		: 158
model name	: Intel(R) Core(TM) i5-8400 CPU @ 2.80GHz
stepping	: 10
microcode	: 0x96
cpu MHz		: 1806.804
cache size	: 9216 KB
physical id	: 0
siblings	: 6
core id		: 4
cpu cores	: 6
apicid		: 8
initial apicid	: 8
fpu		: yes
fpu_exception	: yes
cpuid level	: 22
wp		: yes
flags		: fpu vme de pse tsc msr pae mce cx8 apic sep mtrr pge mca cmov pat pse36 clflush dts acpi mmx fxsr sse sse2 ss ht tm pbe syscall nx pdpe1gb rdtscp lm constant_tsc art arch_perfmon pebs bts rep_good nopl xtopology nonstop_tsc cpuid aperfmperf tsc_known_freq pni pclmulqdq dtes64 monitor ds_cpl vmx est tm2 ssse3 sdbg fma cx16 xtpr pdcm pcid sse4_1 sse4_2 x2apic movbe popcnt tsc_deadline_timer aes xsave avx f16c rdrand lahf_lm abm 3dnowprefetch cpuid_fault invpcid_single pti ssbd ibrs ibpb stibp tpr_shadow vnmi flexpriority ept vpid fsgsbase tsc_adjust bmi1 avx2 smep bmi2 erms invpcid mpx rdseed adx smap clflushopt intel_pt xsaveopt xsavec xgetbv1 xsaves dtherm ida arat pln pts hwp hwp_notify hwp_act_window hwp_epp flush_l1d
bugs		: cpu_meltdown spectre_v1 spectre_v2 spec_store_bypass l1tf
bogomips	: 5616.00
clflush size	: 64
cache_alignment	: 64
address sizes	: 39 bits physical, 48 bits virtual
power management:

processor	: 5
vendor_id	: GenuineIntel
cpu family	: 6
model		: 158
model name	: Intel(R) Core(TM) i5-8400 CPU @ 2.80GHz
stepping	: 10
microcode	: 0x96
cpu MHz		: 1789.492
cache size	: 9216 KB
physical id	: 0
siblings	: 6
core id		: 5
cpu cores	: 6
apicid		: 10
initial apicid	: 10
fpu		: yes
fpu_exception	: yes
cpuid level	: 22
wp		: yes
flags		: fpu vme de pse tsc msr pae mce cx8 apic sep mtrr pge mca cmov pat pse36 clflush dts acpi mmx fxsr sse sse2 ss ht tm pbe syscall nx pdpe1gb rdtscp lm constant_tsc art arch_perfmon pebs bts rep_good nopl xtopology nonstop_tsc cpuid aperfmperf tsc_known_freq pni pclmulqdq dtes64 monitor ds_cpl vmx est tm2 ssse3 sdbg fma cx16 xtpr pdcm pcid sse4_1 sse4_2 x2apic movbe popcnt tsc_deadline_timer aes xsave avx f16c rdrand lahf_lm abm 3dnowprefetch cpuid_fault invpcid_single pti ssbd ibrs ibpb stibp tpr_shadow vnmi flexpriority ept vpid fsgsbase tsc_adjust bmi1 avx2 smep bmi2 erms invpcid mpx rdseed adx smap clflushopt intel_pt xsaveopt xsavec xgetbv1 xsaves dtherm ida arat pln pts hwp hwp_notify hwp_act_window hwp_epp flush_l1d
bugs		: cpu_meltdown spectre_v1 spectre_v2 spec_store_bypass l1tf
bogomips	: 5616.00
clflush size	: 64
cache_alignment	: 64
address sizes	: 39 bits physical, 48 bits virtual
power management:



Memory: 4k page, physical 16283964k(6463708k free), swap 7814140k(7814140k free)

vm_info: OpenJDK 64-Bit Server VM (25.152-b01) for linux-amd64 JRE (1.8.0_152-release-1024-b01), built by "builder" with gcc 4.8.4

time: Wed Sep 26 09:44:34 2018
elapsed time: 0 seconds (0d 0h 0m 0s)

